kotlin version: 2.1.0
error message: org.jetbrains.kotlin.backend.common.CompilationException: Back-end: Please report this problem https://kotl.in/issue
Details: Can't link symbol ic#64:androidx.compose.ui.layout/Placeable.PlacementScope.placeRelative|placeRelative@androidx.compose.ui.layout.Placeable(kotlin.Int;kotlin.Int;kotlin.Float){}[0]-0
	at org.jetbrains.kotlin.backend.common.CompilationExceptionKt.compilationException(CompilationException.kt:106)
	at org.jetbrains.kotlin.backend.wasm.ir2wasm.WasmCompiledModuleFragmentKt.bind(WasmCompiledModuleFragment.kt:657)
	at org.jetbrains.kotlin.backend.wasm.ir2wasm.WasmCompiledModuleFragment.bindFileFragments(WasmCompiledModuleFragment.kt:497)
	at org.jetbrains.kotlin.backend.wasm.ir2wasm.WasmCompiledModuleFragment.bindUnboundSymbols(WasmCompiledModuleFragment.kt:470)
	at org.jetbrains.kotlin.backend.wasm.ir2wasm.WasmCompiledModuleFragment.linkWasmCompiledFragments(WasmCompiledModuleFragment.kt:211)
	at org.jetbrains.kotlin.backend.wasm.WasmCompilerKt.compileWasm-quGr1d0(wasmCompiler.kt:163)
	at org.jetbrains.kotlin.backend.wasm.WasmCompilerKt.compileWasm-quGr1d0$default(wasmCompiler.kt:141)
	at org.jetbrains.kotlin.cli.js.K2JSCompiler.doExecute(K2JSCompiler.kt:377)
	at org.jetbrains.kotlin.cli.js.K2JSCompiler.doExecute(K2JSCompiler.kt:105)
	at org.jetbrains.kotlin.cli.common.CLICompiler.execImpl(CLICompiler.kt:102)
	at org.jetbrains.kotlin.cli.common.CLICompiler.exec(CLICompiler.kt:316)
	at org.jetbrains.kotlin.daemon.CompileServiceImpl.compile(CompileServiceImpl.kt:1554)
	at java.base/jdk.internal.reflect.DirectMethodHandleAccessor.invoke(Unknown Source)
	at java.base/java.lang.reflect.Method.invoke(Unknown Source)
	at java.rmi/sun.rmi.server.UnicastServerRef.dispatch(Unknown Source)
	at java.rmi/sun.rmi.transport.Transport$1.run(Unknown Source)
	at java.rmi/sun.rmi.transport.Transport$1.run(Unknown Source)
	at java.base/java.security.AccessController.doPrivileged(Unknown Source)
	at java.rmi/sun.rmi.transport.Transport.serviceCall(Unknown Source)
	at java.rmi/sun.rmi.transport.tcp.TCPTransport.handleMessages(Unknown Source)
	at java.rmi/sun.rmi.transport.tcp.TCPTransport$ConnectionHandler.run0(Unknown Source)
	at java.rmi/sun.rmi.transport.tcp.TCPTransport$ConnectionHandler.lambda$run$0(Unknown Source)
	at java.base/java.security.AccessController.doPrivileged(Unknown Source)
	at java.rmi/sun.rmi.transport.tcp.TCPTransport$ConnectionHandler.run(Unknown Source)
	at java.base/java.util.concurrent.ThreadPoolExecutor.runWorker(Unknown Source)
	at java.base/java.util.concurrent.ThreadPoolExecutor$Worker.run(Unknown Source)
	at java.base/java.lang.Thread.run(Unknown Source)


